<?xml version="1.0" encoding="UTF-8"?>
<testsuite xmlns:xsi="http://www.w3.org/2001/XMLSchema-instance" xsi:noNamespaceSchemaLocation="https://maven.apache.org/surefire/maven-surefire-plugin/xsd/surefire-test-report-3.0.xsd" version="3.0" name="com.plsql2java.orchestration.MigrationOrchestratorServiceTest" time="1.642" tests="5" errors="0" skipped="0" failures="0">
  <properties>
[...]
</properties>
  <testcase name="generate_callsFullPipelineInOrder" classname="com.plsql2java.orchestration.MigrationOrchestratorServiceTest" time="1.553">
    <system-out><![CDATA[19:42:35.845 [main] INFO com.plsql2java.orchestration.MigrationOrchestratorService -- [DISCOVERY] 5%: Starting discovery
19:42:35.852 [main] INFO com.plsql2java.orchestration.MigrationOrchestratorService -- [DISCOVERY] 40%: Discovery complete: 1 objects
19:42:35.852 [main] INFO com.plsql2java.orchestration.MigrationOrchestratorService -- [DEPENDENCY_ANALYSIS] 50%: Analysing dependencies
19:42:35.853 [main] INFO com.plsql2java.orchestration.MigrationOrchestratorService -- [DEPENDENCY_ANALYSIS] 90%: Dependency analysis complete
19:42:35.854 [main] INFO com.plsql2java.orchestration.MigrationOrchestratorService -- Analysis complete: 1 objects, 0 edges
19:42:35.854 [main] INFO com.plsql2java.orchestration.MigrationOrchestratorService -- [TRANSLATION] 20%: Translating 1 objects
19:42:35.855 [main] INFO com.plsql2java.orchestration.MigrationOrchestratorService -- [CODE_GENERATION] 68%: Generating Java project
19:42:35.856 [main] INFO com.plsql2java.orchestration.MigrationOrchestratorService -- [CODE_GENERATION] 78%: Java project written
19:42:35.856 [main] INFO com.plsql2java.orchestration.MigrationOrchestratorService -- [CONFIDENCE_SCORING] 83%: Scoring confidence
19:42:35.856 [main] INFO com.plsql2java.orchestration.MigrationOrchestratorService -- [REPORT_GENERATION] 90%: Generating migration report
19:42:35.857 [main] INFO com.plsql2java.orchestration.MigrationOrchestratorService -- [COMPLETE] 99%: Migration complete
19:42:35.857 [main] INFO com.plsql2java.orchestration.MigrationOrchestratorService -- Migration completed successfully
]]></system-out>
  </testcase>
  <testcase name="generate_progressEventsEmittedAtEachStage" classname="com.plsql2java.orchestration.MigrationOrchestratorServiceTest" time="0.014">
    <system-out><![CDATA[19:42:35.915 [main] INFO com.plsql2java.orchestration.MigrationOrchestratorService -- [DISCOVERY] 5%: Starting discovery
19:42:35.915 [main] INFO com.plsql2java.orchestration.MigrationOrchestratorService -- [DISCOVERY] 40%: Discovery complete: 1 objects
19:42:35.916 [main] INFO com.plsql2java.orchestration.MigrationOrchestratorService -- [DEPENDENCY_ANALYSIS] 50%: Analysing dependencies
19:42:35.916 [main] INFO com.plsql2java.orchestration.MigrationOrchestratorService -- [DEPENDENCY_ANALYSIS] 90%: Dependency analysis complete
19:42:35.916 [main] INFO com.plsql2java.orchestration.MigrationOrchestratorService -- Analysis complete: 1 objects, 0 edges
19:42:35.916 [main] INFO com.plsql2java.orchestration.MigrationOrchestratorService -- [TRANSLATION] 20%: Translating 1 objects
19:42:35.916 [main] INFO com.plsql2java.orchestration.MigrationOrchestratorService -- [CODE_GENERATION] 68%: Generating Java project
19:42:35.916 [main] INFO com.plsql2java.orchestration.MigrationOrchestratorService -- [CODE_GENERATION] 78%: Java project written
19:42:35.917 [main] INFO com.plsql2java.orchestration.MigrationOrchestratorService -- [CONFIDENCE_SCORING] 83%: Scoring confidence
19:42:35.917 [main] INFO com.plsql2java.orchestration.MigrationOrchestratorService -- [REPORT_GENERATION] 90%: Generating migration report
19:42:35.917 [main] INFO com.plsql2java.orchestration.MigrationOrchestratorService -- [COMPLETE] 99%: Migration complete
19:42:35.917 [main] INFO com.plsql2java.orchestration.MigrationOrchestratorService -- Migration completed successfully
]]></system-out>
  </testcase>
  <testcase name="analyze_throwsOrchestratorException_onDiscoveryFailure" classname="com.plsql2java.orchestration.MigrationOrchestratorServiceTest" time="0.023">
    <system-out><![CDATA[19:42:35.932 [main] INFO com.plsql2java.orchestration.MigrationOrchestratorService -- [DISCOVERY] 5%: Starting discovery
19:42:35.933 [main] ERROR com.plsql2java.orchestration.MigrationOrchestratorService -- Analysis failed: connection refused
java.lang.RuntimeException: connection refused
	at com.plsql2java.discovery.OracleDiscoveryService.discoverFromFiles(OracleDiscoveryService.java:95)
	at com.plsql2java.orchestration.MigrationOrchestratorService.runDiscovery(MigrationOrchestratorService.java:218)
	at com.plsql2java.orchestration.MigrationOrchestratorService.analyze(MigrationOrchestratorService.java:69)
	at com.plsql2java.orchestration.MigrationOrchestratorServiceTest.lambda$1(MigrationOrchestratorServiceTest.java:208)
	at org.assertj.core.api.ThrowableAssert.catchThrowable(ThrowableAssert.java:63)
	at org.assertj.core.api.AssertionsForClassTypes.catchThrowable(AssertionsForClassTypes.java:892)
	at org.assertj.core.api.Assertions.catchThrowable(Assertions.java:1366)
	at org.assertj.core.api.Assertions.assertThatThrownBy(Assertions.java:1210)
	at com.plsql2java.orchestration.MigrationOrchestratorServiceTest.analyze_throwsOrchestratorException_onDiscoveryFailure(MigrationOrchestratorServiceTest.java:208)
	at java.base/jdk.internal.reflect.NativeMethodAccessorImpl.invoke0(Native Method)
	at java.base/jdk.internal.reflect.NativeMethodAccessorImpl.invoke(NativeMethodAccessorImpl.java:77)
	at java.base/jdk.internal.reflect.DelegatingMethodAccessorImpl.invoke(DelegatingMethodAccessorImpl.java:43)
	at java.base/java.lang.reflect.Method.invoke(Method.java:568)
	at org.junit.platform.commons.util.ReflectionUtils.invokeMethod(ReflectionUtils.java:728)
	at org.junit.jupiter.engine.execution.MethodInvocation.proceed(MethodInvocation.java:60)
	at org.junit.jupiter.engine.execution.InvocationInterceptorChain$ValidatingInvocation.proceed(InvocationInterceptorChain.java:131)
	at org.junit.jupiter.engine.extension.TimeoutExtension.intercept(TimeoutExtension.java:156)
	at org.junit.jupiter.engine.extension.TimeoutExtension.interceptTestableMethod(TimeoutExtension.java:147)
	at org.junit.jupiter.engine.extension.TimeoutExtension.interceptTestMethod(TimeoutExtension.java:86)
	at org.junit.jupiter.engine.execution.InterceptingExecutableInvoker$ReflectiveInterceptorCall.lambda$ofVoidMethod$0(InterceptingExecutableInvoker.java:103)
	at org.junit.jupiter.engine.execution.InterceptingExecutableInvoker.lambda$invoke$0(InterceptingExecutableInvoker.java:93)
	at org.junit.jupiter.engine.execution.InvocationInterceptorChain$InterceptedInvocation.proceed(InvocationInterceptorChain.java:106)
	at org.junit.jupiter.engine.execution.InvocationInterceptorChain.proceed(InvocationInterceptorChain.java:64)
	at org.junit.jupiter.engine.execution.InvocationInterceptorChain.chainAndInvoke(InvocationInterceptorChain.java:45)
	at org.junit.jupiter.engine.execution.InvocationInterceptorChain.invoke(InvocationInterceptorChain.java:37)
	at org.junit.jupiter.engine.execution.InterceptingExecutableInvoker.invoke(InterceptingExecutableInvoker.java:92)
	at org.junit.jupiter.engine.execution.InterceptingExecutableInvoker.invoke(InterceptingExecutableInvoker.java:86)
	at org.junit.jupiter.engine.descriptor.TestMethodTestDescriptor.lambda$invokeTestMethod$7(TestMethodTestDescriptor.java:218)
	at org.junit.platform.engine.support.hierarchical.ThrowableCollector.execute(ThrowableCollector.java:73)
	at org.junit.jupiter.engine.descriptor.TestMethodTestDescriptor.invokeTestMethod(TestMethodTestDescriptor.java:214)
	at org.junit.jupiter.engine.descriptor.TestMethodTestDescriptor.execute(TestMethodTestDescriptor.java:139)
	at org.junit.jupiter.engine.descriptor.TestMethodTestDescriptor.execute(TestMethodTestDescriptor.java:69)
	at org.junit.platform.engine.support.hierarchical.NodeTestTask.lambda$executeRecursively$6(NodeTestTask.java:151)
	at org.junit.platform.engine.support.hierarchical.ThrowableCollector.execute(ThrowableCollector.java:73)
	at org.junit.platform.engine.support.hierarchical.NodeTestTask.lambda$executeRecursively$8(NodeTestTask.java:141)
	at org.junit.platform.engine.support.hierarchical.Node.around(Node.java:137)
	at org.junit.platform.engine.support.hierarchical.NodeTestTask.lambda$executeRecursively$9(NodeTestTask.java:139)
	at org.junit.platform.engine.support.hierarchical.ThrowableCollector.execute(ThrowableCollector.java:73)
	at org.junit.platform.engine.support.hierarchical.NodeTestTask.executeRecursively(NodeTestTask.java:138)
	at org.junit.platform.engine.support.hierarchical.NodeTestTask.execute(NodeTestTask.java:95)
	at java.base/java.util.ArrayList.forEach(ArrayList.java:1511)
	at org.junit.platform.engine.support.hierarchical.SameThreadHierarchicalTestExecutorService.invokeAll(SameThreadHierarchicalTestExecutorService.java:41)
	at org.junit.platform.engine.support.hierarchical.NodeTestTask.lambda$executeRecursively$6(NodeTestTask.java:155)
	at org.junit.platform.engine.support.hierarchical.ThrowableCollector.execute(ThrowableCollector.java:73)
	at org.junit.platform.engine.support.hierarchical.NodeTestTask.lambda$executeRecursively$8(NodeTestTask.java:141)
	at org.junit.platform.engine.support.hierarchical.Node.around(Node.java:137)
	at org.junit.platform.engine.support.hierarchical.NodeTestTask.lambda$executeRecursively$9(NodeTestTask.java:139)
	at org.junit.platform.engine.support.hierarchical.ThrowableCollector.execute(ThrowableCollector.java:73)
	at org.junit.platform.engine.support.hierarchical.NodeTestTask.executeRecursively(NodeTestTask.java:138)
	at org.junit.platform.engine.support.hierarchical.NodeTestTask.execute(NodeTestTask.java:95)
	at java.base/java.util.ArrayList.forEach(ArrayList.java:1511)
	at org.junit.platform.engine.support.hierarchical.SameThreadHierarchicalTestExecutorService.invokeAll(SameThreadHierarchicalTestExecutorService.java:41)
	at org.junit.platform.engine.support.hierarchical.NodeTestTask.lambda$executeRecursively$6(NodeTestTask.java:155)
	at org.junit.platform.engine.support.hierarchical.ThrowableCollector.execute(ThrowableCollector.java:73)
	at org.junit.platform.engine.support.hierarchical.NodeTestTask.lambda$executeRecursively$8(NodeTestTask.java:141)
	at org.junit.platform.engine.support.hierarchical.Node.around(Node.java:137)
	at org.junit.platform.engine.support.hierarchical.NodeTestTask.lambda$executeRecursively$9(NodeTestTask.java:139)
	at org.junit.platform.engine.support.hierarchical.ThrowableCollector.execute(ThrowableCollector.java:73)
	at org.junit.platform.engine.support.hierarchical.NodeTestTask.executeRecursively(NodeTestTask.java:138)
	at org.junit.platform.engine.support.hierarchical.NodeTestTask.execute(NodeTestTask.java:95)
	at org.junit.platform.engine.support.hierarchical.SameThreadHierarchicalTestExecutorService.submit(SameThreadHierarchicalTestExecutorService.java:35)
	at org.junit.platform.engine.support.hierarchical.HierarchicalTestExecutor.execute(HierarchicalTestExecutor.java:57)
	at org.junit.platform.engine.support.hierarchical.HierarchicalTestEngine.execute(HierarchicalTestEngine.java:54)
	at org.junit.platform.launcher.core.EngineExecutionOrchestrator.execute(EngineExecutionOrchestrator.java:198)
	at org.junit.platform.launcher.core.EngineExecutionOrchestrator.execute(EngineExecutionOrchestrator.java:169)
	at org.junit.platform.launcher.core.EngineExecutionOrchestrator.execute(EngineExecutionOrchestrator.java:93)
	at org.junit.platform.launcher.core.EngineExecutionOrchestrator.lambda$execute$0(EngineExecutionOrchestrator.java:58)
	at org.junit.platform.launcher.core.EngineExecutionOrchestrator.withInterceptedStreams(EngineExecutionOrchestrator.java:141)
	at org.junit.platform.launcher.core.EngineExecutionOrchestrator.execute(EngineExecutionOrchestrator.java:57)
	at org.junit.platform.launcher.core.DefaultLauncher.execute(DefaultLauncher.java:103)
	at org.junit.platform.launcher.core.DefaultLauncher.execute(DefaultLauncher.java:85)
	at org.junit.platform.launcher.core.DelegatingLauncher.execute(DelegatingLauncher.java:47)
	at org.apache.maven.surefire.junitplatform.LazyLauncher.execute(LazyLauncher.java:56)
	at org.apache.maven.surefire.junitplatform.JUnitPlatformProvider.execute(JUnitPlatformProvider.java:184)
	at org.apache.maven.surefire.junitplatform.JUnitPlatformProvider.invokeAllTests(JUnitPlatformProvider.java:148)
	at org.apache.maven.surefire.junitplatform.JUnitPlatformProvider.invoke(JUnitPlatformProvider.java:122)
	at org.apache.maven.surefire.booter.ForkedBooter.runSuitesInProcess(ForkedBooter.java:385)
	at org.apache.maven.surefire.booter.ForkedBooter.execute(ForkedBooter.java:162)
	at org.apache.maven.surefire.booter.ForkedBooter.run(ForkedBooter.java:507)
	at org.apache.maven.surefire.booter.ForkedBooter.main(ForkedBooter.java:495)
]]></system-out>
  </testcase>
  <testcase name="generate_failPartial_skipsFailedObjects" classname="com.plsql2java.orchestration.MigrationOrchestratorServiceTest" time="0.017">
    <system-out><![CDATA[19:42:35.952 [main] INFO com.plsql2java.orchestration.MigrationOrchestratorService -- [DISCOVERY] 5%: Starting discovery
19:42:35.953 [main] INFO com.plsql2java.orchestration.MigrationOrchestratorService -- [DISCOVERY] 40%: Discovery complete: 2 objects
19:42:35.953 [main] INFO com.plsql2java.orchestration.MigrationOrchestratorService -- [DEPENDENCY_ANALYSIS] 50%: Analysing dependencies
19:42:35.953 [main] INFO com.plsql2java.orchestration.MigrationOrchestratorService -- [DEPENDENCY_ANALYSIS] 90%: Dependency analysis complete
19:42:35.953 [main] INFO com.plsql2java.orchestration.MigrationOrchestratorService -- Analysis complete: 2 objects, 0 edges
19:42:35.953 [main] INFO com.plsql2java.orchestration.MigrationOrchestratorService -- [TRANSLATION] 20%: Translating 2 objects
19:42:35.955 [main] WARN com.plsql2java.orchestration.MigrationOrchestratorService -- Skipping BAD — translation error: parse error
19:42:35.956 [main] INFO com.plsql2java.orchestration.MigrationOrchestratorService -- [CODE_GENERATION] 68%: Generating Java project
19:42:35.956 [main] INFO com.plsql2java.orchestration.MigrationOrchestratorService -- [CODE_GENERATION] 78%: Java project written
19:42:35.956 [main] INFO com.plsql2java.orchestration.MigrationOrchestratorService -- [CONFIDENCE_SCORING] 83%: Scoring confidence
19:42:35.956 [main] INFO com.plsql2java.orchestration.MigrationOrchestratorService -- [REPORT_GENERATION] 90%: Generating migration report
19:42:35.957 [main] INFO com.plsql2java.orchestration.MigrationOrchestratorService -- [COMPLETE] 99%: Migration complete
19:42:35.957 [main] WARN com.plsql2java.orchestration.MigrationOrchestratorService -- Migration completed with 1 skipped objects
]]></system-out>
  </testcase>
  <testcase name="analyze_callsDiscoveryAndDependencyAnalysis" classname="com.plsql2java.orchestration.MigrationOrchestratorServiceTest" time="0.009">
    <system-out><![CDATA[19:42:35.969 [main] INFO com.plsql2java.orchestration.MigrationOrchestratorService -- [DISCOVERY] 5%: Starting discovery
19:42:35.969 [main] INFO com.plsql2java.orchestration.MigrationOrchestratorService -- [DISCOVERY] 40%: Discovery complete: 1 objects
19:42:35.969 [main] INFO com.plsql2java.orchestration.MigrationOrchestratorService -- [DEPENDENCY_ANALYSIS] 50%: Analysing dependencies
19:42:35.969 [main] INFO com.plsql2java.orchestration.MigrationOrchestratorService -- [DEPENDENCY_ANALYSIS] 90%: Dependency analysis complete
19:42:35.969 [main] INFO com.plsql2java.orchestration.MigrationOrchestratorService -- Analysis complete: 1 objects, 0 edges
]]></system-out>
  </testcase>
</testsuite>