<?xml version="1.0" encoding="UTF-8"?>
<testsuite xmlns:xsi="http://www.w3.org/2001/XMLSchema-instance" xsi:noNamespaceSchemaLocation="https://maven.apache.org/surefire/maven-surefire-plugin/xsd/surefire-test-report-3.0.xsd" version="3.0" name="com.plsql2java.cli.CliIntegrationTest" time="3.389" tests="4" errors="0" skipped="0" failures="0">
  <properties>
[...]
</properties>
  <testcase name="reportCommand_withPriorOutput_completesSuccessfully" classname="com.plsql2java.cli.CliIntegrationTest" time="0.034">
    <system-out><![CDATA[19:22:32.785 [main] INFO org.springframework.test.context.support.AnnotationConfigContextLoaderUtils -- Could not detect default configuration classes for test class [com.plsql2java.cli.CliIntegrationTest]: CliIntegrationTest does not declare any static, non-private, non-final, nested classes annotated with @Configuration.
19:22:33.100 [main] INFO org.springframework.boot.test.context.SpringBootTestContextBootstrapper -- Found @SpringBootConfiguration com.plsql2java.cli.PlSql2JavaCli for test class com.plsql2java.cli.CliIntegrationTest
2026-08-07T19:22:33.972+05:30  INFO 7004 --- [           main] com.plsql2java.cli.CliIntegrationTest    : Starting CliIntegrationTest using Java 17.0.16 with PID 7004 (started by 2520818 in C:\project\repo\plsql2java\plsql2java-cli)
2026-08-07T19:22:33.975+05:30  INFO 7004 --- [           main] com.plsql2java.cli.CliIntegrationTest    : No active profile set, falling back to 1 default profile: "default"
2026-08-07T19:22:35.678+05:30  INFO 7004 --- [           main] com.plsql2java.cli.CliIntegrationTest    : Started CliIntegrationTest in 2.249 seconds (process running for 6.976)
[INFO] Regenerating migration report...
[INFO] Report written to: C:\Users\2520818\AppData\Local\Temp\junit4892583114570738452\reports
[INFO]   Markdown: C:\Users\2520818\AppData\Local\Temp\junit4892583114570738452\reports\migration-report.md
[INFO]   HTML:     C:\Users\2520818\AppData\Local\Temp\junit4892583114570738452\reports\migration-report.html
]]></system-out>
    <system-err><![CDATA[Missing required subcommand
Usage: plsql2java [-hV] [COMMAND]
Oracle PL/SQL to Java Spring Boot migration platform.
  -h, --help      Show this help message and exit.
  -V, --version   Print version information and exit.
Commands:
  analyze   Discover PL/SQL objects and analyze dependencies without generating
              code.
  generate  Run the full migration pipeline: discover, translate, generate Java
              code, and produce a report.
  report    Regenerate the migration report from a previous analysis output
              directory.
]]></system-err>
  </testcase>
  <testcase name="generateCommand_partialResult_returnsPartialSuccess" classname="com.plsql2java.cli.CliIntegrationTest" time="0.028">
    <system-out><![CDATA[[INFO] Starting migration pipeline...
[INFO] Translation: 0 translated, 1 skipped
[INFO] Output: C:\Users\2520818\AppData\Local\Temp\junit16970559558146247833\generated
[INFO] Report: C:\Users\2520818\AppData\Local\Temp\junit16970559558146247833\reports
[WARN] 1 object(s) skipped:
[WARN]   - PROC_SKIPPED
]]></system-out>
  </testcase>
  <testcase name="configFileMode_loadsAndMergesConfig" classname="com.plsql2java.cli.CliIntegrationTest" time="0.06">
    <system-out><![CDATA[[INFO] Starting analysis...
[INFO] Discovered 0 objects
[INFO] Dependency edges: 0
[INFO] Circular dependencies: 0
[INFO] Analysis complete. Results written to: output/analysis
]]></system-out>
  </testcase>
  <testcase name="analyzeCommand_withDdlFile_completesSuccessfully" classname="com.plsql2java.cli.CliIntegrationTest" time="0.021">
    <system-out><![CDATA[[INFO] Starting analysis...
[INFO] Discovered 0 objects
[INFO] Dependency edges: 0
[INFO] Circular dependencies: 0
[INFO] Analysis complete. Results written to: output/analysis
]]></system-out>
  </testcase>
</testsuite>